  stdafx.cpp
c:\users\khaled sabry\source\repos\os project\os project\generator.h(19): error C2143: syntax error: missing ';' before '<'
c:\users\khaled sabry\source\repos\os project\os project\generator.h(19): error C4430: missing type specifier - int assumed. Note: C++ does not support default-int
c:\users\khaled sabry\source\repos\os project\os project\generator.h(19): error C2238: unexpected token(s) preceding ';'
c:\users\khaled sabry\source\repos\os project\os project\generator.h(40): error C2143: syntax error: missing ';' before '<'
c:\users\khaled sabry\source\repos\os project\os project\generator.h(40): error C4430: missing type specifier - int assumed. Note: C++ does not support default-int
c:\users\khaled sabry\source\repos\os project\os project\generator.h(40): error C2238: unexpected token(s) preceding ';'
c:\users\khaled sabry\source\repos\os project\os project\generator.h(41): error C2143: syntax error: missing ';' before '<'
c:\users\khaled sabry\source\repos\os project\os project\generator.h(41): error C4430: missing type specifier - int assumed. Note: C++ does not support default-int
c:\users\khaled sabry\source\repos\os project\os project\generator.h(41): error C2238: unexpected token(s) preceding ';'
c:\users\khaled sabry\source\repos\os project\os project\generator.h(46): error C2143: syntax error: missing ';' before '<'
c:\users\khaled sabry\source\repos\os project\os project\generator.h(46): error C4430: missing type specifier - int assumed. Note: C++ does not support default-int
c:\users\khaled sabry\source\repos\os project\os project\generator.h(46): error C2238: unexpected token(s) preceding ';'
c:\users\khaled sabry\source\repos\os project\os project\generator.h(51): error C2061: syntax error: identifier 'vector'
c:\users\khaled sabry\source\repos\os project\os project\readingwriting.h(10): error C2061: syntax error: identifier 'string'
c:\users\khaled sabry\source\repos\os project\os project\readingwriting.h(11): error C2061: syntax error: identifier 'string'
